{"level":30,"time":1719827288070,"pid":103169,"hostname":"hikaku","msg":"data of zoho, {\"access_token\":\"1000.6a1f2518f9058a34df90671fbaa97364.ea0c6e5f522aa825affdde64e2005bd0\",\"scope\":\"ZohoCRM.modules.All\",\"api_domain\":\"https://www.zohoapis.in\",\"token_type\":\"Bearer\",\"expires_in\":3600}"}
{"level":30,"time":1719827288078,"pid":103169,"hostname":"hikaku","msg":"access_token, \"1000.6a1f2518f9058a34df90671fbaa97364.ea0c6e5f522aa825affdde64e2005bd0\""}
{"level":30,"time":1719827494228,"pid":105130,"hostname":"hikaku","msg":"data of zoho, {\"access_token\":\"1000.509687013eef6902d6d3d916195b1ff1.b5f4eb4f4aafdd19571ebdcd3207c37a\",\"scope\":\"ZohoCRM.modules.All\",\"api_domain\":\"https://www.zohoapis.in\",\"token_type\":\"Bearer\",\"expires_in\":3600}"}
{"level":30,"time":1719827494237,"pid":105130,"hostname":"hikaku","msg":"access_token, \"1000.509687013eef6902d6d3d916195b1ff1.b5f4eb4f4aafdd19571ebdcd3207c37a\""}
{"level":30,"time":1719827658483,"pid":106463,"hostname":"hikaku","msg":"data of zoho, {\"access_token\":\"1000.c6437e96b6bccbaa6a84de7023d01661.207a3f759a164cb7c56f34c950eb107a\",\"scope\":\"ZohoCRM.modules.All\",\"api_domain\":\"https://www.zohoapis.in\",\"token_type\":\"Bearer\",\"expires_in\":3600}"}
{"level":30,"time":1719827658491,"pid":106463,"hostname":"hikaku","msg":"access_token, \"1000.c6437e96b6bccbaa6a84de7023d01661.207a3f759a164cb7c56f34c950eb107a\""}
{"level":30,"time":1719827685904,"pid":106738,"hostname":"hikaku","msg":"data of zoho, {\"access_token\":\"1000.89d7e5016ead5288533f7467272d0639.6fec716147d89fc3386b917864372344\",\"scope\":\"ZohoCRM.modules.All\",\"api_domain\":\"https://www.zohoapis.in\",\"token_type\":\"Bearer\",\"expires_in\":3600}"}
{"level":30,"time":1719827685907,"pid":106738,"hostname":"hikaku","msg":"access_token, \"1000.89d7e5016ead5288533f7467272d0639.6fec716147d89fc3386b917864372344\""}
{"level":30,"time":1719827948323,"pid":109730,"hostname":"hikaku","msg":"data of zoho, {\"access_token\":\"1000.dd5804ecb123f603fa26996813893886.b286b4ac12b3b0d82483dfe08a19ee35\",\"scope\":\"ZohoCRM.modules.All\",\"api_domain\":\"https://www.zohoapis.in\",\"token_type\":\"Bearer\",\"expires_in\":3600}"}
{"level":30,"time":1719827948331,"pid":109730,"hostname":"hikaku","msg":"access_token, \"1000.dd5804ecb123f603fa26996813893886.b286b4ac12b3b0d82483dfe08a19ee35\""}
{"level":30,"time":1719827954630,"pid":109730,"hostname":"hikaku","msg":"***End of the script***"}
{"level":30,"time":1719827955354,"pid":109730,"hostname":"hikaku","msg":"{}"}
{"level":30,"time":1719830257761,"pid":127412,"hostname":"hikaku","msg":"data of zoho, {\"access_token\":\"1000.d125db0346a33ca9356a0b035bde0d6f.529f6d6b47f465bcd97b8d27ca715d98\",\"scope\":\"ZohoCRM.modules.All\",\"api_domain\":\"https://www.zohoapis.in\",\"token_type\":\"Bearer\",\"expires_in\":3600}"}
{"level":30,"time":1719830257774,"pid":127412,"hostname":"hikaku","msg":"access_token, \"1000.d125db0346a33ca9356a0b035bde0d6f.529f6d6b47f465bcd97b8d27ca715d98\""}
{"level":30,"time":1719835265880,"pid":183570,"hostname":"hikaku","msg":"data of zoho, {\"error_description\":\"Token creation throttle limit reached. Please reuse the valid tokens you currently have.\",\"error\":\"Access Denied\",\"status\":\"failure\"}"}
{"level":30,"time":1719835265889,"pid":183570,"hostname":"hikaku","msg":"access_token, undefined"}
{"level":30,"time":1722228144990,"pid":1,"hostname":"5323dd32a969","msg":"data of zoho, {\"access_token\":\"1000.91ee0a352fa9170e6e6f114acd2eface.03ebbb78216e8aaa9372960dbd54611d\",\"scope\":\"ZohoCRM.modules.All\",\"api_domain\":\"https://www.zohoapis.in\",\"token_type\":\"Bearer\",\"expires_in\":3600}"}
{"level":30,"time":1722228145000,"pid":1,"hostname":"5323dd32a969","msg":"access_token, \"1000.91ee0a352fa9170e6e6f114acd2eface.03ebbb78216e8aaa9372960dbd54611d\""}
{"level":30,"time":1722228162884,"pid":1,"hostname":"5323dd32a969","msg":"***End of the script***"}
{"level":30,"time":1722228164640,"pid":1,"hostname":"5323dd32a969","msg":"{}"}
{"level":30,"time":1722233495211,"pid":1,"hostname":"5323dd32a969","msg":"data of zoho, {\"access_token\":\"1000.ac49051afcd307633b64a3143bf8d721.4c93dce3505416103836c25ae70aa577\",\"scope\":\"ZohoCRM.modules.All\",\"api_domain\":\"https://www.zohoapis.in\",\"token_type\":\"Bearer\",\"expires_in\":3600}"}
{"level":30,"time":1722233495221,"pid":1,"hostname":"5323dd32a969","msg":"access_token, \"1000.ac49051afcd307633b64a3143bf8d721.4c93dce3505416103836c25ae70aa577\""}
{"level":30,"time":1722233923927,"pid":46944,"hostname":"hikaku","msg":"data of zoho, {\"access_token\":\"1000.e31af7fb9c0d288aeeb91b9f579469ca.c5f40ce48bf6123d5c8cdfbbf2c12944\",\"scope\":\"ZohoCRM.modules.All\",\"api_domain\":\"https://www.zohoapis.in\",\"token_type\":\"Bearer\",\"expires_in\":3600}"}
{"level":30,"time":1722233923935,"pid":46944,"hostname":"hikaku","msg":"access_token, \"1000.e31af7fb9c0d288aeeb91b9f579469ca.c5f40ce48bf6123d5c8cdfbbf2c12944\""}
{"level":30,"time":1722233963393,"pid":46944,"hostname":"hikaku","msg":"***End of the script***"}
{"level":30,"time":1722233964053,"pid":46944,"hostname":"hikaku","msg":"{}"}
{"level":30,"time":1722234197149,"pid":51736,"hostname":"hikaku","msg":"data of zoho, {\"access_token\":\"1000.fcb8d764fde86675c0c18ae8e52a2b0f.bd7b99b63f4cd5c5b0be250674b807c4\",\"scope\":\"ZohoCRM.modules.All\",\"api_domain\":\"https://www.zohoapis.in\",\"token_type\":\"Bearer\",\"expires_in\":3600}"}
{"level":30,"time":1722234197155,"pid":51736,"hostname":"hikaku","msg":"access_token, \"1000.fcb8d764fde86675c0c18ae8e52a2b0f.bd7b99b63f4cd5c5b0be250674b807c4\""}
{"level":30,"time":1722234201341,"pid":51736,"hostname":"hikaku","msg":"***End of the script***"}
{"level":30,"time":1722234241390,"pid":52492,"hostname":"hikaku","msg":"data of zoho, {\"access_token\":\"1000.4ff551b4e8535ef2b4ef7b6b90bf4280.bcae9b87ea244d270ab3f0dc3e157d90\",\"scope\":\"ZohoCRM.modules.All\",\"api_domain\":\"https://www.zohoapis.in\",\"token_type\":\"Bearer\",\"expires_in\":3600}"}
{"level":30,"time":1722234241399,"pid":52492,"hostname":"hikaku","msg":"access_token, \"1000.4ff551b4e8535ef2b4ef7b6b90bf4280.bcae9b87ea244d270ab3f0dc3e157d90\""}
{"level":30,"time":1722234246746,"pid":52492,"hostname":"hikaku","msg":"***End of the script***"}
{"level":30,"time":1722234464720,"pid":56082,"hostname":"hikaku","msg":"data of zoho, {\"access_token\":\"1000.8c0d7386deb02c72a69ce159b07a5dea.726fcd600c0dd31f996015166dedfbca\",\"scope\":\"ZohoCRM.modules.All\",\"api_domain\":\"https://www.zohoapis.in\",\"token_type\":\"Bearer\",\"expires_in\":3600}"}
{"level":30,"time":1722234464728,"pid":56082,"hostname":"hikaku","msg":"access_token, \"1000.8c0d7386deb02c72a69ce159b07a5dea.726fcd600c0dd31f996015166dedfbca\""}
{"level":30,"time":1722234467756,"pid":56082,"hostname":"hikaku","msg":"***End of the script***"}
{"level":30,"time":1722234611355,"pid":58500,"hostname":"hikaku","msg":"data of zoho, {\"access_token\":\"1000.8e3cdb4de3f57d86902649054ce8f81d.f20be8063c874004434b0b288e54ffb5\",\"scope\":\"ZohoCRM.modules.All\",\"api_domain\":\"https://www.zohoapis.in\",\"token_type\":\"Bearer\",\"expires_in\":3600}"}
{"level":30,"time":1722234611364,"pid":58500,"hostname":"hikaku","msg":"access_token, \"1000.8e3cdb4de3f57d86902649054ce8f81d.f20be8063c874004434b0b288e54ffb5\""}
{"level":30,"time":1722234616924,"pid":58500,"hostname":"hikaku","msg":"***End of the script***"}
{"level":30,"time":1722245092813,"pid":108730,"hostname":"hikaku","msg":"data of zoho, {\"access_token\":\"1000.5698fa9a84ea21df9b73c30e82bf23ad.0e045958c7a9787e3893643390fe7223\",\"scope\":\"ZohoCRM.modules.All\",\"api_domain\":\"https://www.zohoapis.in\",\"token_type\":\"Bearer\",\"expires_in\":3600}"}
{"level":30,"time":1722245092820,"pid":108730,"hostname":"hikaku","msg":"access_token, \"1000.5698fa9a84ea21df9b73c30e82bf23ad.0e045958c7a9787e3893643390fe7223\""}
{"level":30,"time":1722245098085,"pid":108730,"hostname":"hikaku","msg":"data of zoho, {\"access_token\":\"1000.ba3e14a1e27d8bca55fb6c1aacd27742.acdf4182b2ac1a117146eb0533283be8\",\"scope\":\"ZohoCRM.modules.All\",\"api_domain\":\"https://www.zohoapis.in\",\"token_type\":\"Bearer\",\"expires_in\":3600}"}
{"level":30,"time":1722245098086,"pid":108730,"hostname":"hikaku","msg":"access_token, \"1000.ba3e14a1e27d8bca55fb6c1aacd27742.acdf4182b2ac1a117146eb0533283be8\""}
{"level":30,"time":1722245102920,"pid":108730,"hostname":"hikaku","msg":"data of zoho, {\"access_token\":\"1000.04e8399e2735ed3e7ef0fce976966f21.94559beb7fd8d5746eef68a462eb3978\",\"scope\":\"ZohoCRM.modules.All\",\"api_domain\":\"https://www.zohoapis.in\",\"token_type\":\"Bearer\",\"expires_in\":3600}"}
{"level":30,"time":1722245102921,"pid":108730,"hostname":"hikaku","msg":"access_token, \"1000.04e8399e2735ed3e7ef0fce976966f21.94559beb7fd8d5746eef68a462eb3978\""}
{"level":30,"time":1722245108105,"pid":108730,"hostname":"hikaku","msg":"data of zoho, {\"access_token\":\"1000.554e3b4c308f5c311b045b6aa6b746de.551494810f4aa338a85d515edbcece7c\",\"scope\":\"ZohoCRM.modules.All\",\"api_domain\":\"https://www.zohoapis.in\",\"token_type\":\"Bearer\",\"expires_in\":3600}"}
{"level":30,"time":1722245108105,"pid":108730,"hostname":"hikaku","msg":"access_token, \"1000.554e3b4c308f5c311b045b6aa6b746de.551494810f4aa338a85d515edbcece7c\""}
{"level":30,"time":1722245450702,"pid":111727,"hostname":"hikaku","msg":"data of zoho, {\"access_token\":\"1000.a938b2956a49e63a12f6dd9afd5a9ac0.90cf054318f4f26d98d2299fd669cd3c\",\"scope\":\"ZohoCRM.modules.All\",\"api_domain\":\"https://www.zohoapis.in\",\"token_type\":\"Bearer\",\"expires_in\":3600}"}
{"level":30,"time":1722245450709,"pid":111727,"hostname":"hikaku","msg":"access_token, \"1000.a938b2956a49e63a12f6dd9afd5a9ac0.90cf054318f4f26d98d2299fd669cd3c\""}
{"level":30,"time":1722245460901,"pid":111727,"hostname":"hikaku","msg":"data of zoho, {\"access_token\":\"1000.a8efbc7757192710c2b0efacd0cc09cf.60248391357d58e0a4ccb46036c7afbe\",\"scope\":\"ZohoCRM.modules.All\",\"api_domain\":\"https://www.zohoapis.in\",\"token_type\":\"Bearer\",\"expires_in\":3600}"}
{"level":30,"time":1722245460902,"pid":111727,"hostname":"hikaku","msg":"access_token, \"1000.a8efbc7757192710c2b0efacd0cc09cf.60248391357d58e0a4ccb46036c7afbe\""}
{"level":30,"time":1722249653024,"pid":146138,"hostname":"hikaku","msg":"data of zoho, {\"access_token\":\"1000.58952d676210a03fb05307d403088041.f76cbc886125dd80cb03e296fea1bf2e\",\"scope\":\"ZohoCRM.modules.All\",\"api_domain\":\"https://www.zohoapis.in\",\"token_type\":\"Bearer\",\"expires_in\":3600}"}
{"level":30,"time":1722249653035,"pid":146138,"hostname":"hikaku","msg":"access_token, \"1000.58952d676210a03fb05307d403088041.f76cbc886125dd80cb03e296fea1bf2e\""}
{"level":30,"time":1722249718489,"pid":146138,"hostname":"hikaku","msg":"data of zoho, {\"access_token\":\"1000.7a02e46cd23297d9d8f963638855a5c2.85858464ebb9116c475ade106e99d24b\",\"scope\":\"ZohoCRM.modules.All\",\"api_domain\":\"https://www.zohoapis.in\",\"token_type\":\"Bearer\",\"expires_in\":3600}"}
{"level":30,"time":1722249718490,"pid":146138,"hostname":"hikaku","msg":"access_token, \"1000.7a02e46cd23297d9d8f963638855a5c2.85858464ebb9116c475ade106e99d24b\""}
{"level":30,"time":1722249814640,"pid":147461,"hostname":"hikaku","msg":"data of zoho, {\"access_token\":\"1000.d4ca55b17b15985fa3f78726cd5ed728.a6ba43bc8580e62ce232fe225bc93cb2\",\"scope\":\"ZohoCRM.modules.All\",\"api_domain\":\"https://www.zohoapis.in\",\"token_type\":\"Bearer\",\"expires_in\":3600}"}
{"level":30,"time":1722249814647,"pid":147461,"hostname":"hikaku","msg":"access_token, \"1000.d4ca55b17b15985fa3f78726cd5ed728.a6ba43bc8580e62ce232fe225bc93cb2\""}
{"level":30,"time":1722249827519,"pid":147461,"hostname":"hikaku","msg":"data of zoho, {\"access_token\":\"1000.10a3ef7925adc8ba35c09567473da980.2c4c4a9ea32197ed2bfbcfe6485a1fcd\",\"scope\":\"ZohoCRM.modules.All\",\"api_domain\":\"https://www.zohoapis.in\",\"token_type\":\"Bearer\",\"expires_in\":3600}"}
{"level":30,"time":1722249827520,"pid":147461,"hostname":"hikaku","msg":"access_token, \"1000.10a3ef7925adc8ba35c09567473da980.2c4c4a9ea32197ed2bfbcfe6485a1fcd\""}
{"level":30,"time":1722251928085,"pid":167911,"hostname":"hikaku","msg":"data of zoho, {\"error_description\":\"Token creation throttle limit reached. Please reuse the valid tokens you currently have.\",\"error\":\"Access Denied\",\"status\":\"failure\"}"}
{"level":30,"time":1722251928092,"pid":167911,"hostname":"hikaku","msg":"access_token, undefined"}
{"level":30,"time":1722251929065,"pid":167911,"hostname":"hikaku","msg":"data of zoho, {\"error_description\":\"Token creation throttle limit reached. Please reuse the valid tokens you currently have.\",\"error\":\"Access Denied\",\"status\":\"failure\"}"}
{"level":30,"time":1722251929066,"pid":167911,"hostname":"hikaku","msg":"access_token, undefined"}
{"level":30,"time":1722251955254,"pid":168216,"hostname":"hikaku","msg":"data of zoho, {\"error_description\":\"Token creation throttle limit reached. Please reuse the valid tokens you currently have.\",\"error\":\"Access Denied\",\"status\":\"failure\"}"}
{"level":30,"time":1722251955262,"pid":168216,"hostname":"hikaku","msg":"access_token, undefined"}
{"level":30,"time":1722252275583,"pid":170816,"hostname":"hikaku","msg":"data of zoho, {\"access_token\":\"1000.5dd08348a3d4d9c46cc996f448107288.8f14c50daba41bed771308daf6bb3679\",\"scope\":\"ZohoCRM.modules.All\",\"api_domain\":\"https://www.zohoapis.in\",\"token_type\":\"Bearer\",\"expires_in\":3600}"}
{"level":30,"time":1722252275593,"pid":170816,"hostname":"hikaku","msg":"access_token, \"1000.5dd08348a3d4d9c46cc996f448107288.8f14c50daba41bed771308daf6bb3679\""}
{"level":30,"time":1722344693695,"pid":641968,"hostname":"hikaku","msg":"data of zoho, {\"access_token\":\"1000.2fdb2c50f5fd4aa9c3ac1f7e9322d3e0.ec1327d68d61831fed44b75d657ab89f\",\"scope\":\"ZohoCRM.modules.All\",\"api_domain\":\"https://www.zohoapis.in\",\"token_type\":\"Bearer\",\"expires_in\":3600}"}
{"level":30,"time":1722344693708,"pid":641968,"hostname":"hikaku","msg":"access_token, \"1000.2fdb2c50f5fd4aa9c3ac1f7e9322d3e0.ec1327d68d61831fed44b75d657ab89f\""}
{"level":30,"time":1722344708467,"pid":641968,"hostname":"hikaku","msg":"data of zoho, {\"access_token\":\"1000.0bcf9f9a60ff21501638403377d35cac.6c132b35825f9bbd7e688dd471834740\",\"scope\":\"ZohoCRM.modules.All\",\"api_domain\":\"https://www.zohoapis.in\",\"token_type\":\"Bearer\",\"expires_in\":3600}"}
{"level":30,"time":1722344708468,"pid":641968,"hostname":"hikaku","msg":"access_token, \"1000.0bcf9f9a60ff21501638403377d35cac.6c132b35825f9bbd7e688dd471834740\""}
{"level":30,"time":1722344719907,"pid":641968,"hostname":"hikaku","msg":"***End of the script***"}
{"level":30,"time":1722345069308,"pid":646315,"hostname":"hikaku","msg":"data of zoho, {\"access_token\":\"1000.76b0d6e4b8712cc3cfbbe1c3ae05abd2.aca4c8ab8972dce2cf0679eed5b866da\",\"scope\":\"ZohoCRM.modules.All\",\"api_domain\":\"https://www.zohoapis.in\",\"token_type\":\"Bearer\",\"expires_in\":3600}"}
{"level":30,"time":1722345069314,"pid":646315,"hostname":"hikaku","msg":"access_token, \"1000.76b0d6e4b8712cc3cfbbe1c3ae05abd2.aca4c8ab8972dce2cf0679eed5b866da\""}
{"level":30,"time":1722345074186,"pid":646315,"hostname":"hikaku","msg":"***End of the script***"}
{"level":30,"time":1727671768131,"pid":13052,"hostname":"DESKTOP-PO751PH","msg":"data of zoho, {\"error\":\"invalid_client\"}"}
{"level":30,"time":1727671768143,"pid":13052,"hostname":"DESKTOP-PO751PH","msg":"access_token, undefined"}
{"level":30,"time":1727671948757,"pid":13392,"hostname":"DESKTOP-PO751PH","msg":"data of zoho, {\"access_token\":\"1000.f87bc6676bbbda2e9bc24207e3f2ae7f.fdb8472b5c34ecc01f9cc745a69f4f51\",\"scope\":\"ZohoCRM.modules.ALL\",\"api_domain\":\"https://www.zohoapis.in\",\"token_type\":\"Bearer\",\"expires_in\":3600}"}
{"level":30,"time":1727671948769,"pid":13392,"hostname":"DESKTOP-PO751PH","msg":"access_token, \"1000.f87bc6676bbbda2e9bc24207e3f2ae7f.fdb8472b5c34ecc01f9cc745a69f4f51\""}
